<?xml version="1.0" encoding="UTF-8"?>
<testng-results skipped="0" failed="0" ignored="0" total="3" passed="3">
  <reporter-output>
  </reporter-output>
  <suite name="Default suite" duration-ms="62" started-at="2018-06-11T11:38:57Z" finished-at="2018-06-11T11:38:57Z">
    <groups>
    </groups>
    <test name="Default test" duration-ms="62" started-at="2018-06-11T11:38:57Z" finished-at="2018-06-11T11:38:57Z">
      <class name="com.testng.SampleTest">
        <test-method status="PASS" signature="creatCustomer()[pri:1, instance:com.testng.SampleTest@55f3ddb1]" name="creatCustomer" duration-ms="14" started-at="2018-06-11T11:38:57Z" finished-at="2018-06-11T11:38:57Z">
          <reporter-output>
          </reporter-output>
        </test-method> <!-- creatCustomer -->
        <test-method status="PASS" signature="modifyCustomer()[pri:2, instance:com.testng.SampleTest@55f3ddb1]" name="modifyCustomer" duration-ms="3" started-at="2018-06-11T11:38:57Z" finished-at="2018-06-11T11:38:57Z">
          <reporter-output>
          </reporter-output>
        </test-method> <!-- modifyCustomer -->
        <test-method status="PASS" signature="deleteCustomer()[pri:3, instance:com.testng.SampleTest@55f3ddb1]" name="deleteCustomer" duration-ms="2" started-at="2018-06-11T11:38:57Z" finished-at="2018-06-11T11:38:57Z">
          <reporter-output>
          </reporter-output>
        </test-method> <!-- deleteCustomer -->
      </class> <!-- com.testng.SampleTest -->
    </test> <!-- Default test -->
  </suite> <!-- Default suite -->
</testng-results>
