<?xml version="1.0" encoding="UTF-8"?>
<!-- Generated by org.testng.reporters.JUnitXMLReporter -->
<testsuite hostname="DESKTOP-VC9HLUK" ignored="0" name="Default test" tests="3" failures="0" timestamp="11 Jun 2018 12:23:20 GMT" time="0.078" errors="0">
  <testcase name="creatCustomer" time="0.013" classname="com.testng.SampleTest"/>
  <testcase name="modifyCustomer" time="0.003" classname="com.testng.SampleTest"/>
  <testcase name="deleteCustomer" time="0.003" classname="com.testng.SampleTest"/>
</testsuite> <!-- Default test -->
